<?xml version="1.0" encoding="UTF-8"?>
<testsuite xmlns:xsi="http://www.w3.org/2001/XMLSchema-instance" xsi:noNamespaceSchemaLocation="https://maven.apache.org/surefire/maven-surefire-plugin/xsd/surefire-test-report-3.0.xsd" version="3.0" name="Tests" time="7.688" tests="5" errors="0" skipped="0" failures="2">
  <properties>
[...]
</properties>
  <testcase name="testGetPostsold" classname="Tests" time="2.442">
    <failure type="java.lang.AssertionError"><![CDATA[java.lang.AssertionError: 
1 expectation failed.
Expected status code <200> but was <404>.

	at Tests.testGetPostsold(Tests.java:79)
]]></failure>
  </testcase>
  <testcase name="testGet" classname="Tests" time="1.648">
    <system-out><![CDATA[Request method:	GET
Request URI:	https://postman-echo.com/get
Proxy:			<none>
Request params:	<none>
Query params:	<none>
Form params:	<none>
Path params:	<none>
Headers:		Accept=*/*
				Content-Type=application/json
Cookies:		<none>
Multiparts:		<none>
Body:			<none>
Response body: {
  "args": {},
  "headers": {
    "host": "postman-echo.com",
    "x-request-start": "t=1730642682.945",
    "connection": "close",
    "x-forwarded-proto": "https",
    "x-forwarded-port": "443",
    "x-amzn-trace-id": "Root=1-672782fa-2333aeb3070cbf672affe06f",
    "content-type": "application/json",
    "accept": "*/*",
    "user-agent": "Apache-HttpClient/4.5.13 (Java/18.0.2.1)",
    "accept-encoding": "gzip,deflate"
  },
  "url": "https://postman-echo.com/get"
}
]]></system-out>
  </testcase>
  <testcase name="testPost" classname="Tests" time="1.094">
    <system-out><![CDATA[Response code: 200
Response body: {"id":666,"name":"Helldoggie","photoUrls":[],"tags":[],"status":"available"}
]]></system-out>
  </testcase>
  <testcase name="testGetSinglePostold" classname="Tests" time="0.992">
    <failure type="java.lang.AssertionError"><![CDATA[java.lang.AssertionError: 
1 expectation failed.
Expected status code <200> but was <404>.

	at Tests.testGetSinglePostold(Tests.java:92)
]]></failure>
  </testcase>
  <testcase name="testGetRequest" classname="Tests" time="0.988">
    <system-out><![CDATA[Response body: {"id":666,"name":"Helldoggie","photoUrls":[],"tags":[],"status":"available"}
]]></system-out>
  </testcase>
</testsuite>