-------------------------------------------------------------------------------
Test set: Tests
-------------------------------------------------------------------------------
Tests run: 5, Failures: 2, Errors: 0, Skipped: 0, Time elapsed: 7.688 s <<< FAILURE! - in Tests
Tests.testGetPostsold  Time elapsed: 2.442 s  <<< FAILURE!
java.lang.AssertionError: 
1 expectation failed.
Expected status code <200> but was <404>.

	at Tests.testGetPostsold(Tests.java:79)

Tests.testGet  Time elapsed: 1.648 s
Tests.testPost  Time elapsed: 1.094 s
Tests.testGetSinglePostold  Time elapsed: 0.992 s  <<< FAILURE!
java.lang.AssertionError: 
1 expectation failed.
Expected status code <200> but was <404>.

	at Tests.testGetSinglePostold(Tests.java:92)

Tests.testGetRequest  Time elapsed: 0.988 s
